2022-03-09 10:32:46,453 INFO Starting Nacos v1.4.3 on DESKTOP-3GV0REA with PID 17744 (G:\xcjwork\daili\nacos-server-1.4.3\nacos\target\nacos-server.jar started by DEVELOPER in G:\xcjwork\daili\nacos-server-1.4.3\nacos\bin)

2022-03-09 10:32:46,457 INFO The following profiles are active: standalone

2022-03-09 10:32:50,557 INFO Bean 'org.springframework.security.access.expression.method.DefaultMethodSecurityExpressionHandler@6e2aa843' of type [org.springframework.security.access.expression.method.DefaultMethodSecurityExpressionHandler] is not eligible for getting processed by all BeanPostProcessors (for example: not eligible for auto-proxying)

2022-03-09 10:32:50,564 INFO Bean 'methodSecurityMetadataSource' of type [org.springframework.security.access.method.DelegatingMethodSecurityMetadataSource] is not eligible for getting processed by all BeanPostProcessors (for example: not eligible for auto-proxying)

2022-03-09 10:32:51,540 INFO Tomcat initialized with port(s): 8848 (http)

2022-03-09 10:32:51,584 INFO Starting service [Tomcat]

2022-03-09 10:32:51,584 INFO Starting Servlet engine: [Apache Tomcat/9.0.38]

2022-03-09 10:32:52,056 INFO At least one JAR was scanned for TLDs yet contained no TLDs. Enable debug logging for this logger for a complete list of JARs that were scanned but no TLDs were found in them. Skipping unneeded JARs during scanning can improve startup time and JSP compilation time.

2022-03-09 10:32:52,134 INFO Initializing Spring embedded WebApplicationContext

2022-03-09 10:32:52,135 INFO Root WebApplicationContext: initialization completed in 5565 ms

2022-03-09 10:32:53,049 INFO HikariPool-1 - Starting...

2022-03-09 10:32:53,054 WARN Registered driver with driverClassName=org.apache.derby.jdbc.EmbeddedDriver was not found, trying direct instantiation.

2022-03-09 10:32:54,702 INFO HikariPool-1 - Driver does not support get/set network timeout for connections. (Feature not implemented: No details.)

2022-03-09 10:32:54,706 INFO HikariPool-1 - Start completed.

2022-03-09 10:33:00,184 INFO Nacos-related cluster resource initialization

2022-03-09 10:33:00,213 INFO The cluster resource is initialized

2022-03-09 10:33:01,451 INFO Reflections took 103 ms to scan 1 urls, producing 4 keys and 6 values 

2022-03-09 10:33:01,512 INFO Reflections took 10 ms to scan 1 urls, producing 6 keys and 26 values 

2022-03-09 10:33:01,572 INFO Reflections took 6 ms to scan 1 urls, producing 3 keys and 15 values 

2022-03-09 10:33:01,583 INFO Reflections took 3 ms to scan 1 urls, producing 2 keys and 12 values 

2022-03-09 10:33:03,441 INFO Initializing ExecutorService 'applicationTaskExecutor'

2022-03-09 10:33:04,402 INFO Adding welcome page: class path resource [static/index.html]

2022-03-09 10:33:05,320 INFO Creating filter chain: Ant [pattern='/**'], []

2022-03-09 10:33:05,388 INFO Creating filter chain: any request, [org.springframework.security.web.context.request.async.WebAsyncManagerIntegrationFilter@71e5f61d, org.springframework.security.web.context.SecurityContextPersistenceFilter@2c9399a4, org.springframework.security.web.header.HeaderWriterFilter@35beb15e, org.springframework.security.web.csrf.CsrfFilter@26fb628, org.springframework.security.web.authentication.logout.LogoutFilter@172ca72b, org.springframework.security.web.savedrequest.RequestCacheAwareFilter@9635fa, org.springframework.security.web.servletapi.SecurityContextHolderAwareRequestFilter@2d10e0b1, org.springframework.security.web.authentication.AnonymousAuthenticationFilter@2ce86164, org.springframework.security.web.session.SessionManagementFilter@5ac86ba5, org.springframework.security.web.access.ExceptionTranslationFilter@70dd7e15]

2022-03-09 10:33:05,717 INFO Initializing ExecutorService 'taskScheduler'

2022-03-09 10:33:05,799 INFO Exposing 2 endpoint(s) beneath base path '/actuator'

2022-03-09 10:33:06,019 INFO Tomcat started on port(s): 8848 (http) with context path '/nacos'

2022-03-09 10:33:06,025 INFO Started Nacos in 22.075 seconds (JVM running for 23.922)

2022-03-09 10:33:06,026 INFO Nacos started successfully in stand alone mode. use embedded storage

2022-03-09 10:33:09,635 INFO Initializing Spring DispatcherServlet 'dispatcherServlet'

2022-03-09 10:33:09,636 INFO Initializing Servlet 'dispatcherServlet'

2022-03-09 10:33:09,656 INFO Completed initialization in 17 ms

2022-03-09 10:43:02,006 INFO [capacityManagement] start correct usage

2022-03-09 10:43:02,078 INFO [capacityManagement] end correct usage, cost: 0s

2022-03-09 10:43:02,619 WARN clearConfigHistory start

2022-03-09 10:53:02,085 INFO [capacityManagement] start correct usage

2022-03-09 10:53:02,086 INFO [capacityManagement] end correct usage, cost: 0s

2022-03-09 10:53:02,633 WARN clearConfigHistory start

2022-03-09 11:03:02,088 INFO [capacityManagement] start correct usage

2022-03-09 11:03:02,089 INFO [capacityManagement] end correct usage, cost: 0s

2022-03-09 11:03:02,646 WARN clearConfigHistory start

2022-03-09 11:13:02,096 INFO [capacityManagement] start correct usage

2022-03-09 11:13:02,097 INFO [capacityManagement] end correct usage, cost: 0s

2022-03-09 11:13:02,656 WARN clearConfigHistory start

2022-03-09 11:23:02,099 INFO [capacityManagement] start correct usage

2022-03-09 11:23:02,100 INFO [capacityManagement] end correct usage, cost: 0s

2022-03-09 11:23:02,661 WARN clearConfigHistory start

2022-03-09 11:33:02,113 INFO [capacityManagement] start correct usage

2022-03-09 11:33:02,113 INFO [capacityManagement] end correct usage, cost: 0s

2022-03-09 11:33:02,665 WARN clearConfigHistory start

2022-03-09 11:43:02,116 INFO [capacityManagement] start correct usage

2022-03-09 11:43:02,116 INFO [capacityManagement] end correct usage, cost: 0s

2022-03-09 11:43:02,666 WARN clearConfigHistory start

2022-03-09 11:53:02,118 INFO [capacityManagement] start correct usage

2022-03-09 11:53:02,119 INFO [capacityManagement] end correct usage, cost: 0s

2022-03-09 11:53:02,679 WARN clearConfigHistory start

2022-03-09 12:03:02,125 INFO [capacityManagement] start correct usage

2022-03-09 12:03:02,125 INFO [capacityManagement] end correct usage, cost: 0s

2022-03-09 12:03:02,690 WARN clearConfigHistory start

2022-03-09 12:13:02,133 INFO [capacityManagement] start correct usage

2022-03-09 12:13:02,133 INFO [capacityManagement] end correct usage, cost: 0s

2022-03-09 12:13:02,705 WARN clearConfigHistory start

2022-03-09 12:23:02,138 INFO [capacityManagement] start correct usage

2022-03-09 12:23:02,138 INFO [capacityManagement] end correct usage, cost: 0s

2022-03-09 12:23:02,711 WARN clearConfigHistory start

2022-03-09 12:33:02,145 INFO [capacityManagement] start correct usage

2022-03-09 12:33:02,145 INFO [capacityManagement] end correct usage, cost: 0s

2022-03-09 12:33:02,719 WARN clearConfigHistory start

2022-03-09 12:43:02,153 INFO [capacityManagement] start correct usage

2022-03-09 12:43:02,153 INFO [capacityManagement] end correct usage, cost: 0s

2022-03-09 12:43:02,730 WARN clearConfigHistory start

2022-03-09 12:53:02,166 INFO [capacityManagement] start correct usage

2022-03-09 12:53:02,166 INFO [capacityManagement] end correct usage, cost: 0s

2022-03-09 12:53:02,732 WARN clearConfigHistory start

2022-03-09 13:03:02,177 INFO [capacityManagement] start correct usage

2022-03-09 13:03:02,177 INFO [capacityManagement] end correct usage, cost: 0s

2022-03-09 13:03:02,743 WARN clearConfigHistory start

2022-03-09 13:13:02,191 INFO [capacityManagement] start correct usage

2022-03-09 13:13:02,193 INFO [capacityManagement] end correct usage, cost: 0s

2022-03-09 13:13:02,757 WARN clearConfigHistory start

2022-03-09 13:23:02,207 INFO [capacityManagement] start correct usage

2022-03-09 13:23:02,207 INFO [capacityManagement] end correct usage, cost: 0s

2022-03-09 13:23:02,767 WARN clearConfigHistory start

2022-03-09 13:33:02,210 INFO [capacityManagement] start correct usage

2022-03-09 13:33:02,210 INFO [capacityManagement] end correct usage, cost: 0s

2022-03-09 13:33:02,776 WARN clearConfigHistory start

2022-03-09 13:43:02,216 INFO [capacityManagement] start correct usage

2022-03-09 13:43:02,216 INFO [capacityManagement] end correct usage, cost: 0s

2022-03-09 13:43:02,778 WARN clearConfigHistory start

2022-03-09 13:53:02,224 INFO [capacityManagement] start correct usage

2022-03-09 13:53:02,224 INFO [capacityManagement] end correct usage, cost: 0s

2022-03-09 13:53:02,792 WARN clearConfigHistory start

2022-03-09 14:03:02,231 INFO [capacityManagement] start correct usage

2022-03-09 14:03:02,232 INFO [capacityManagement] end correct usage, cost: 0s

2022-03-09 14:03:02,797 WARN clearConfigHistory start

2022-03-09 14:13:02,241 INFO [capacityManagement] start correct usage

2022-03-09 14:13:02,241 INFO [capacityManagement] end correct usage, cost: 0s

2022-03-09 14:13:02,805 WARN clearConfigHistory start

2022-03-09 14:23:02,246 INFO [capacityManagement] start correct usage

2022-03-09 14:23:02,247 INFO [capacityManagement] end correct usage, cost: 0s

2022-03-09 14:23:02,814 WARN clearConfigHistory start

2022-03-09 14:33:02,261 INFO [capacityManagement] start correct usage

2022-03-09 14:33:02,261 INFO [capacityManagement] end correct usage, cost: 0s

2022-03-09 14:33:02,824 WARN clearConfigHistory start

2022-03-09 14:43:02,264 INFO [capacityManagement] start correct usage

2022-03-09 14:43:02,265 INFO [capacityManagement] end correct usage, cost: 0s

2022-03-09 14:43:02,833 WARN clearConfigHistory start

2022-03-09 14:53:02,273 INFO [capacityManagement] start correct usage

2022-03-09 14:53:02,274 INFO [capacityManagement] end correct usage, cost: 0s

2022-03-09 14:53:02,837 WARN clearConfigHistory start

2022-03-09 15:03:02,285 INFO [capacityManagement] start correct usage

2022-03-09 15:03:02,286 INFO [capacityManagement] end correct usage, cost: 0s

2022-03-09 15:03:02,846 WARN clearConfigHistory start

