2022-03-09 10:33:00,393 INFO raft peers changed: [Member{ip='192.168.0.122', port=8848, state=UP, extendInfo={raftPort=7848}}]

2022-03-09 10:33:00,436 INFO initializing Raft sub-system

2022-03-09 10:33:00,437 INFO finish loading all datums, size: 0 cost 1 ms.

2022-03-09 10:33:00,448 INFO cache loaded, datum count: 0, current term: 0

2022-03-09 10:33:00,448 INFO finish to load data from disk, cost: 12 ms.

2022-03-09 10:33:00,452 INFO timer started: leader timeout ms: 15000, heart-beat timeout ms: 5000

2022-03-09 10:33:01,890 INFO add listener: com.alibaba.nacos.naming.domains.meta.00-00---000-NACOS_SWITCH_DOMAIN-000---00-00

2022-03-09 10:33:01,927 INFO add listener: com.alibaba.nacos.naming.domains.meta.

2022-03-09 10:33:05,302 WARN start to close old raft protocol!!!

2022-03-09 10:33:05,302 WARN stop old raft protocol task for notifier

2022-03-09 10:33:05,302 WARN stop old raft protocol task for master task

2022-03-09 10:33:05,303 WARN stop old raft protocol task for heartbeat task

2022-03-09 10:33:05,303 WARN clean old cache datum for old raft

2022-03-09 10:33:05,303 WARN start to close old raft protocol!!!

2022-03-09 10:33:05,303 WARN stop old raft protocol task for notifier

2022-03-09 10:33:05,303 WARN stop old raft protocol task for master task

2022-03-09 10:33:05,303 WARN stop old raft protocol task for heartbeat task

2022-03-09 10:33:05,304 WARN clean old cache datum for old raft

2022-03-09 10:33:05,304 WARN start to move old raft protocol metadata

2022-03-09 10:33:05,306 WARN start to move old raft protocol metadata

2022-03-09 10:33:05,309 INFO raft peers changed: [Member{ip='192.168.0.122', port=8848, state=UP, extendInfo={lastRefreshTime=1646793185306, raftPort=7848, version=1.4.3}}]

2022-03-09 10:34:26,456 INFO add listener: com.alibaba.nacos.naming.iplist.public##SEATA_GROUP@@seata-server

2022-03-09 10:34:51,969 INFO add listener: com.alibaba.nacos.naming.iplist.public##DEFAULT_GROUP@@gateway

2022-03-09 10:38:01,628 INFO add listener: com.alibaba.nacos.naming.iplist.public##DEFAULT_GROUP@@mall

