2022-03-09 10:33:32,631 INFO PERFORMANCE:|0|0|-1|-1

2022-03-09 10:38:32,641 INFO PERFORMANCE:|3|3|-1|-1

2022-03-09 10:43:32,642 INFO PERFORMANCE:|3|3|-1|-1

2022-03-09 10:48:32,653 INFO PERFORMANCE:|3|3|-1|-1

2022-03-09 10:53:32,669 INFO PERFORMANCE:|3|3|-1|-1

2022-03-09 10:58:32,675 INFO PERFORMANCE:|3|3|-1|-1

2022-03-09 11:03:32,684 INFO PERFORMANCE:|3|3|-1|-1

2022-03-09 11:08:32,687 INFO PERFORMANCE:|3|3|-1|-1

2022-03-09 11:13:32,695 INFO PERFORMANCE:|3|3|-1|-1

2022-03-09 11:18:32,706 INFO PERFORMANCE:|3|3|-1|-1

2022-03-09 11:23:32,707 INFO PERFORMANCE:|3|3|-1|-1

2022-03-09 11:28:32,717 INFO PERFORMANCE:|3|3|-1|-1

2022-03-09 11:33:32,733 INFO PERFORMANCE:|3|3|-1|-1

2022-03-09 11:38:32,733 INFO PERFORMANCE:|3|3|-1|-1

2022-03-09 11:43:32,740 INFO PERFORMANCE:|3|3|-1|-1

2022-03-09 11:48:32,749 INFO PERFORMANCE:|3|3|-1|-1

2022-03-09 11:53:32,754 INFO PERFORMANCE:|3|3|-1|-1

2022-03-09 11:58:32,764 INFO PERFORMANCE:|3|3|-1|-1

2022-03-09 12:03:32,778 INFO PERFORMANCE:|3|3|-1|-1

2022-03-09 12:08:32,779 INFO PERFORMANCE:|3|3|-1|-1

2022-03-09 12:13:32,785 INFO PERFORMANCE:|3|3|-1|-1

2022-03-09 12:18:32,795 INFO PERFORMANCE:|3|3|-1|-1

2022-03-09 12:23:32,796 INFO PERFORMANCE:|3|3|-1|-1

2022-03-09 12:28:32,812 INFO PERFORMANCE:|3|3|-1|-1

2022-03-09 12:33:32,825 INFO PERFORMANCE:|3|3|-1|-1

2022-03-09 12:38:32,837 INFO PERFORMANCE:|3|3|-1|-1

2022-03-09 12:43:32,844 INFO PERFORMANCE:|3|3|-1|-1

2022-03-09 12:48:32,845 INFO PERFORMANCE:|3|3|-1|-1

2022-03-09 12:53:32,860 INFO PERFORMANCE:|3|3|-1|-1

2022-03-09 12:58:32,865 INFO PERFORMANCE:|3|3|-1|-1

2022-03-09 13:03:32,877 INFO PERFORMANCE:|3|3|-1|-1

2022-03-09 13:08:32,880 INFO PERFORMANCE:|3|3|-1|-1

2022-03-09 13:13:32,890 INFO PERFORMANCE:|3|3|-1|-1

2022-03-09 13:18:32,893 INFO PERFORMANCE:|3|3|-1|-1

2022-03-09 13:23:32,896 INFO PERFORMANCE:|3|3|-1|-1

2022-03-09 13:28:32,905 INFO PERFORMANCE:|3|3|-1|-1

2022-03-09 13:33:32,910 INFO PERFORMANCE:|3|3|-1|-1

2022-03-09 13:38:32,918 INFO PERFORMANCE:|3|3|-1|-1

2022-03-09 13:43:32,932 INFO PERFORMANCE:|3|3|-1|-1

2022-03-09 13:48:32,936 INFO PERFORMANCE:|3|3|-1|-1

2022-03-09 13:53:32,937 INFO PERFORMANCE:|3|3|-1|-1

2022-03-09 13:58:32,941 INFO PERFORMANCE:|3|3|-1|-1

2022-03-09 14:03:32,953 INFO PERFORMANCE:|3|3|-1|-1

2022-03-09 14:08:32,958 INFO PERFORMANCE:|3|3|-1|-1

2022-03-09 14:13:32,963 INFO PERFORMANCE:|3|3|-1|-1

2022-03-09 14:18:32,969 INFO PERFORMANCE:|3|3|-1|-1

2022-03-09 14:23:32,970 INFO PERFORMANCE:|3|3|-1|-1

2022-03-09 14:28:32,976 INFO PERFORMANCE:|3|3|-1|-1

2022-03-09 14:33:32,991 INFO PERFORMANCE:|3|3|-1|-1

2022-03-09 14:38:33,000 INFO PERFORMANCE:|3|3|-1|-1

2022-03-09 14:43:33,010 INFO PERFORMANCE:|3|3|-1|-1

2022-03-09 14:48:33,024 INFO PERFORMANCE:|3|3|-1|-1

2022-03-09 14:53:33,035 INFO PERFORMANCE:|3|3|-1|-1

2022-03-09 14:58:33,049 INFO PERFORMANCE:|3|3|-1|-1

2022-03-09 15:03:33,057 INFO PERFORMANCE:|3|3|-1|-1

